aspell-en.tcz
aspell.tcz
aterm.tcz
at-spi2-atk.tcz
at-spi2-core.tcz
atk.tcz
bash.tcz
cairo.tcz
curl.tcz
dbus.tcz
dbus-glib.tcz
enchant.tcz
expat2.tcz
fltk-1.3.tcz
fontconfig.tcz
freetype.tcz
gamin.tcz
gdk-pixbuf2.tcz
glib2.tcz
glib-networking.tcz
gmp.tcz
gnutls.tcz
graphics-4.2.9-tinycore64.tcz
gsettings-desktop-schemas.tcz
gst-plugins-base-0.10.tcz
gstreamer-0.10.tcz
gtk2.tcz
gtk3.tcz
gudev-lib.tcz
gvim-base.tcz
harfbuzz.tcz
hicolor-icon-theme.tcz
i2c-4.2.9-tinycore64.tcz
icu.tcz
imlib2-bin.tcz
imlib2.tcz
libasound.tcz
libcroco.tcz
libdmx.tcz
libdrm.tcz
libEGL.tcz
libepoxy.tcz
libevdev.tcz
libffi.tcz
libfontenc.tcz
libFS.tcz
libGLESv2.tcz
libGL.tcz
libgcrypt.tcz
libgpg-error.tcz
libICE.tcz
libjpeg-turbo.tcz
liblvm2.tcz
libogg.tcz
libpciaccess.tcz
libpng.tcz
librsvg.tcz
libSM.tcz
libsoup.tcz
libtasn1.tcz
libtheora.tcz
libtiff.tcz
libvorbis.tcz
libX11.tcz
libXau.tcz
libXaw.tcz
libxcb.tcz
libXcomposite.tcz
libXcursor.tcz
libXdamage.tcz
libXdmcp.tcz
libXext.tcz
libXfixes.tcz
libXfont.tcz
libXft.tcz
libXinerama.tcz
libXi.tcz
libxkbcommon.tcz
libxkbfile.tcz
libxml2.tcz
libXmu.tcz
libXpm.tcz
libXrandr.tcz
libXrender.tcz
libXres.tcz
libxshmfence.tcz
libxslt.tcz
libXss.tcz
libXtst.tcz
libXt.tcz
libXv.tcz
libXvmc.tcz
libXxf86dga.tcz
libXxf86vm.tcz
lxpanel.tcz
lxrandr.tcz
mtdev.tcz
nettle.tcz
ncurses.tcz
openbox.tcz
openssl.tcz
p11-kit.tcz
pango.tcz
pcre.tcz
pixman.tcz
popt.tcz
readline.tcz
shared-mime-info.tcz
sqlite3.tcz
startup-notification.tcz
udev-lib.tcz
vim.tcz
#wbar.tcz
webkit.tcz
#Xfbdev.tcz
xcursor-themes.tcz
xf86-input-evdev.tcz
xf86-video-vesa.tcz
xf86-video-intel.tcz
xf86-video-qxl.tcz
xkeyboard-config.tcz
Xlibs.tcz
Xorg-7.7-bin.tcz
Xorg-7.7-lib.tcz
Xorg-fonts.tcz
xorg-server.tcz
Xprogs.tcz
